-------------------------------------------------------------------------------
Test set: edu.nikita.lab2.FibonacciTest
-------------------------------------------------------------------------------
Tests run: 3, Failures: 1, Errors: 0, Skipped: 0, Time elapsed: 0.009 sec <<< FAILURE!
testBad(edu.nikita.lab2.FibonacciTest)  Time elapsed: 0.004 sec  <<< FAILURE!
junit.framework.AssertionFailedError: Fibonacci.Compute should compute so it always 146% right
	at junit.framework.Assert.fail(Assert.java:47)
	at edu.nikita.lab2.FibonacciTest.testBad(FibonacciTest.java:36)

