<?xml version="1.0" encoding="UTF-8" ?>
<testsuite failures="1" time="0.009" errors="0" skipped="0" tests="3" name="edu.nikita.lab2.FibonacciTest">
  <properties>
[...]
</properties>
  <testcase time="0.005" classname="edu.nikita.lab2.FibonacciTest" name="testComputeSanity"/>
  <testcase time="0" classname="edu.nikita.lab2.FibonacciTest" name="testComputeWrongInput"/>
  <testcase time="0.004" classname="edu.nikita.lab2.FibonacciTest" name="testBad">
    <failure message="Fibonacci.Compute should compute so it always 146% right" type="junit.framework.AssertionFailedError">junit.framework.AssertionFailedError: Fibonacci.Compute should compute so it always 146% right
	at junit.framework.Assert.fail(Assert.java:47)
	at edu.nikita.lab2.FibonacciTest.testBad(FibonacciTest.java:36)
</failure>
  </testcase>
</testsuite>